<?xml version="1.0" encoding="UTF-8"?>
<testng-results ignored="0" total="1" passed="1" failed="0" skipped="0">
  <reporter-output>
  </reporter-output>
  <suite started-at="2023-04-20T20:15:42 PDT" name="Default suite" finished-at="2023-04-20T20:15:46 PDT" duration-ms="3173">
    <groups>
    </groups>
    <test started-at="2023-04-20T20:15:42 PDT" name="Default test" finished-at="2023-04-20T20:15:46 PDT" duration-ms="3173">
      <class name="ExternalJson">
        <test-method signature="dynamicJson()[pri:0, instance:ExternalJson@6f46426d]" started-at="2023-04-20T20:15:42 PDT" name="dynamicJson" finished-at="2023-04-20T20:15:46 PDT" duration-ms="3097" status="PASS">
          <reporter-output>
          </reporter-output>
        </test-method> <!-- dynamicJson -->
      </class> <!-- ExternalJson -->
    </test> <!-- Default test -->
  </suite> <!-- Default suite -->
</testng-results>
