<?xml version="1.0" encoding="UTF-8"?>
<testng-results ignored="0" total="3" passed="3" failed="0" skipped="0">
  <reporter-output>
  </reporter-output>
  <suite started-at="2023-04-27T15:17:33 PDT" name="Default suite" finished-at="2023-04-27T15:17:35 PDT" duration-ms="2098">
    <groups>
    </groups>
    <test started-at="2023-04-27T15:17:33 PDT" name="Default test" finished-at="2023-04-27T15:17:35 PDT" duration-ms="2098">
      <class name="JiraAddComment">
        <test-method signature="createSession()[pri:0, instance:JiraAddComment@58c34bb3]" started-at="2023-04-27T15:17:33 PDT" name="createSession" finished-at="2023-04-27T15:17:34 PDT" duration-ms="1171" status="PASS">
          <reporter-output>
          </reporter-output>
        </test-method> <!-- createSession -->
        <test-method signature="addComment()[pri:1, instance:JiraAddComment@58c34bb3]" started-at="2023-04-27T15:17:34 PDT" name="addComment" finished-at="2023-04-27T15:17:35 PDT" duration-ms="799" status="PASS">
          <reporter-output>
          </reporter-output>
        </test-method> <!-- addComment -->
        <test-method signature="getIssue()[pri:2, instance:JiraAddComment@58c34bb3]" started-at="2023-04-27T15:17:35 PDT" name="getIssue" finished-at="2023-04-27T15:17:35 PDT" duration-ms="78" status="PASS">
          <reporter-output>
          </reporter-output>
        </test-method> <!-- getIssue -->
      </class> <!-- JiraAddComment -->
    </test> <!-- Default test -->
  </suite> <!-- Default suite -->
</testng-results>
