<?xml version="1.0" encoding="UTF-8"?>
<!-- Generated by org.testng.reporters.JUnitXMLReporter -->
<testsuite ignored="0" hostname="Janani" failures="0" tests="4" name="Default test" time="9.891" errors="0" timestamp="2023-05-11T17:14:36 PDT">
  <testcase classname="rahulshettyShopping.testCases.EndToEndShopping" name="login" time="4.873"/>
  <testcase classname="rahulshettyShopping.testCases.EndToEndShopping" name="createProduct" time="2.363"/>
  <testcase classname="rahulshettyShopping.testCases.EndToEndShopping" name="placeOrder" time="1.531"/>
  <testcase classname="rahulshettyShopping.testCases.EndToEndShopping" name="deleteProduct" time="1.018"/>
</testsuite> <!-- Default test -->
