<?xml version="1.0" encoding="UTF-8"?>
<testng-results ignored="0" total="4" passed="4" failed="0" skipped="0">
  <reporter-output>
  </reporter-output>
  <suite started-at="2023-05-11T17:14:26 PDT" name="Default suite" finished-at="2023-05-11T17:14:36 PDT" duration-ms="9891">
    <groups>
    </groups>
    <test started-at="2023-05-11T17:14:26 PDT" name="Default test" finished-at="2023-05-11T17:14:36 PDT" duration-ms="9891">
      <class name="rahulshettyShopping.testCases.EndToEndShopping">
        <test-method signature="login()[pri:1, instance:rahulshettyShopping.testCases.EndToEndShopping@1151e434]" started-at="2023-05-11T17:14:26 PDT" name="login" finished-at="2023-05-11T17:14:31 PDT" duration-ms="4873" status="PASS">
          <reporter-output>
          </reporter-output>
        </test-method> <!-- login -->
        <test-method signature="createProduct()[pri:2, instance:rahulshettyShopping.testCases.EndToEndShopping@1151e434]" started-at="2023-05-11T17:14:31 PDT" name="createProduct" finished-at="2023-05-11T17:14:34 PDT" duration-ms="2363" status="PASS">
          <reporter-output>
          </reporter-output>
        </test-method> <!-- createProduct -->
        <test-method signature="placeOrder()[pri:3, instance:rahulshettyShopping.testCases.EndToEndShopping@1151e434]" started-at="2023-05-11T17:14:34 PDT" name="placeOrder" finished-at="2023-05-11T17:14:35 PDT" duration-ms="1531" status="PASS">
          <reporter-output>
          </reporter-output>
        </test-method> <!-- placeOrder -->
        <test-method signature="deleteProduct()[pri:4, instance:rahulshettyShopping.testCases.EndToEndShopping@1151e434]" started-at="2023-05-11T17:14:35 PDT" name="deleteProduct" finished-at="2023-05-11T17:14:36 PDT" duration-ms="1018" status="PASS">
          <reporter-output>
          </reporter-output>
        </test-method> <!-- deleteProduct -->
      </class> <!-- rahulshettyShopping.testCases.EndToEndShopping -->
    </test> <!-- Default test -->
  </suite> <!-- Default suite -->
</testng-results>
