<?xml version="1.0" encoding="UTF-8"?>
<testng-results ignored="0" total="2" passed="2" failed="0" skipped="0">
  <reporter-output>
  </reporter-output>
  <suite started-at="2023-05-10T22:08:06 PDT" name="Default suite" finished-at="2023-05-10T22:08:12 PDT" duration-ms="6511">
    <groups>
    </groups>
    <test started-at="2023-05-10T22:08:06 PDT" name="Default test" finished-at="2023-05-10T22:08:12 PDT" duration-ms="6511">
      <class name="rahulshettyShopping.testCases.EndToEndShopping">
        <test-method signature="login()[pri:1, instance:rahulshettyShopping.testCases.EndToEndShopping@27f981c6]" started-at="2023-05-10T22:08:06 PDT" name="login" finished-at="2023-05-10T22:08:10 PDT" duration-ms="4306" status="PASS">
          <reporter-output>
          </reporter-output>
        </test-method> <!-- login -->
        <test-method signature="createProduct()[pri:2, instance:rahulshettyShopping.testCases.EndToEndShopping@27f981c6]" started-at="2023-05-10T22:08:10 PDT" name="createProduct" finished-at="2023-05-10T22:08:12 PDT" duration-ms="2104" status="PASS">
          <reporter-output>
          </reporter-output>
        </test-method> <!-- createProduct -->
      </class> <!-- rahulshettyShopping.testCases.EndToEndShopping -->
    </test> <!-- Default test -->
  </suite> <!-- Default suite -->
</testng-results>
